<?xml version="1.0" encoding="UTF-8"?>
<!-- Generated by org.testng.reporters.JUnitReportReporter -->
<testsuite hostname="Tripuranjali" failures="0" tests="6" name="com.TestCases.GreenCartPurchase" time="38.769" errors="0" timestamp="2025-02-12T11:34:00 IST" skipped="0">
  <testcase classname="com.TestCases.GreenCartPurchase" name="purchaseOrder" time="5.300"/>
  <testcase classname="com.TestCases.GreenCartPurchase" name="purchaseOrder" time="5.548"/>
  <testcase classname="com.TestCases.GreenCartPurchase" name="purchaseOrder" time="5.279"/>
  <testcase classname="com.TestCases.GreenCartPurchase" name="purchaseOrder" time="7.019"/>
  <testcase classname="com.TestCases.GreenCartPurchase" name="purchaseOrder" time="10.445"/>
  <testcase classname="com.TestCases.GreenCartPurchase" name="purchaseOrder" time="5.178"/>
</testsuite> <!-- com.TestCases.GreenCartPurchase -->
